<?xml version="1.0" encoding="UTF-8"?>
<!-- Generated by org.testng.reporters.JUnitXMLReporter -->
<testsuite hostname="Rohit_Ware" name="Boat Ed Automation Run on Firefox" tests="7" failures="0" timestamp="7 Mar 2016 13:19:32 GMT" time="303.004" errors="0">
  <testcase name="Login_UIElementVerification" time="16.705" classname="products.CM.LoginTest"/>
  <testcase name="Login_LoginSuccessful" time="56.684" classname="products.CM.LoginTest"/>
  <testcase name="Login_LoginFailure_BlankInputs" time="25.532" classname="products.CM.LoginTest"/>
  <testcase name="Login_LoginFailure_InvalidEmail" time="19.552" classname="products.CM.LoginTest"/>
  <testcase name="Login_LoginFailure_InvalidPass" time="18.866" classname="products.CM.LoginTest"/>
  <testcase name="Login_RestrictedPages" time="15.929" classname="products.CM.LoginTest"/>
  <testcase name="Login_Logout" time="22.604" classname="products.CM.LoginTest"/>
</testsuite> <!-- Boat Ed Automation Run on Firefox -->
